{"trainingIteration": 1051, "message": "terminal_reached", "data": {"depth": 9, "action_history": [1, 1, 3, 0, 8, 1, "DEAL", 2, 9], "traverser": 0, "payoffs": [-1.0, 19.25, -18.25]}}
{"trainingIteration": 1051, "message": "terminal_reached", "data": {"depth": 7, "action_history": [1, 1, 3, 0, 1, "DEAL", 7, 9], "traverser": 0, "payoffs": [-1.0, 9.5, -8.5]}}
{"trainingIteration": 1051, "message": "terminal_reached", "data": {"depth": 5, "action_history": [1, 1, 3, 0, 1, 5, "DEAL"], "traverser": 0, "payoffs": [-1.0, 3.5, -2.5]}}
{"trainingIteration": 1051, "message": "terminal_reached", "data": {"depth": 5, "action_history": [1, 1, 3, 0, 1, 5, 6, "DEAL"], "traverser": 0, "payoffs": [-1.0, 3.5, 1.0]}}
{"trainingIteration": 1051, "message": "terminal_reached", "data": {"depth": 5, "action_history": [1, 1, 3, 0, 1, 5, 6, 7, "DEAL"], "traverser": 0, "payoffs": [-1.0, 3.5, 1.0]}}
{"trainingIteration": 1051, "message": "terminal_reached", "data": {"depth": 5, "action_history": [1, 1, 3, 0, 1, 5, 6, 7, 8, "DEAL"], "traverser": 0, "payoffs": [-1.0, 3.5, 1.0]}}
{"trainingIteration": 1051, "message": "terminal_reached", "data": {"depth": 4, "action_history": [1, 1, 3, 0, 1, 5, 6, 7, 8, 9], "traverser": 0, "payoffs": [-1.0, 3.5, 1.0]}}
{"trainingIteration": 1051, "message": "terminal_reached", "data": {"depth": 2, "action_history": [1, 1, 3, 0, 1, 5, 2, "DEAL"], "traverser": 0, "payoffs": [-1.0, 3.5, 0.40500000000000114]}}
{"trainingIteration": 1051, "message": "terminal_reached", "data": {"depth": 2, "action_history": [1, 1, 3, 0, 1, 5, 2, 3, "DEAL"], "traverser": 0, "payoffs": [-1.0, 3.5, 0.34499999999999886]}}
{"trainingIteration": 1051, "message": "terminal_reached", "data": {"depth": 2, "action_history": [1, 1, 3, 0, 1, 5, 2, 3, 4, "DEAL"], "traverser": 0, "payoffs": [-1.0, 3.5, 0.09750000000000014]}}
{"trainingIteration": 1051, "message": "terminal_reached", "data": {"depth": 2, "action_history": [1, 1, 3, 0, 1, 5, 2, 3, 4, 7, "DEAL"], "traverser": 0, "payoffs": [-1.0, 3.5, 1.0]}}
{"trainingIteration": 1051, "message": "terminal_reached", "data": {"depth": 1, "action_history": [1, 1, 3, 0, 1, 5, 2, 3, 4, 7, 9], "traverser": 0, "payoffs": [-1.0, 3.5, 1.0]}}
{"trainingIteration": 1051, "message": "terminal_reached", "data": {"depth": 9, "action_history": [6, 0, 1, "DEAL", 2, 6, 1, "DEAL", 9], "traverser": 1, "payoffs": [19.9375, -0.5, -19.4375]}}
{"trainingIteration": 1051, "message": "terminal_reached", "data": {"depth": 4, "action_history": [6, 0, 1, 1, "DEAL", 9], "traverser": 1, "payoffs": [5.5, -0.5, -5.0]}}
{"trainingIteration": 1051, "message": "terminal_reached", "data": {"depth": 2, "action_history": [6, 0, 1, 1, 9], "traverser": 1, "payoffs": [5.5, -0.5, -5.0]}}
{"trainingIteration": 1051, "message": "terminal_reached", "data": {"depth": 2, "action_history": [9, 9], "traverser": 2, "payoffs": [-20.0, 21.0, -1.0]}}
{"trainingIteration": 1051, "message": "terminal_reached", "data": {"depth": 4, "action_history": [5, 7, 0, 0], "traverser": 0, "payoffs": [-4.0, 5.0, -1.0]}}
{"trainingIteration": 1051, "message": "terminal_reached", "data": {"depth": 8, "action_history": [5, 7, 0, 1, "DEAL", 1, 1, 9], "traverser": 0, "payoffs": [-8.0, 9.0, -1.0]}}
{"trainingIteration": 1051, "message": "terminal_reached", "data": {"depth": 8, "action_history": [5, 7, 0, 1, "DEAL", 1, 2, 9], "traverser": 0, "payoffs": [-12.25, 13.25, -1.0]}}
{"trainingIteration": 1051, "message": "terminal_reached", "data": {"depth": 8, "action_history": [5, 7, 0, 1, "DEAL", 1, 3, 1], "traverser": 0, "payoffs": [-13.61, 14.61, -1.0]}}
{"trainingIteration": 1051, "message": "terminal_reached", "data": {"depth": 8, "action_history": [5, 7, 0, 1, "DEAL", 1, 4, 0], "traverser": 0, "payoffs": [9.0, -8.0, -1.0]}}
{"trainingIteration": 1051, "message": "terminal_reached", "data": {"depth": 8, "action_history": [5, 7, 0, 1, "DEAL", 1, 5, 9], "traverser": 0, "payoffs": [-19.22, 20.22, -1.0]}}
{"trainingIteration": 1051, "message": "terminal_reached", "data": {"depth": 7, "action_history": [5, 7, 0, 1, "DEAL", 1, 9], "traverser": 0, "payoffs": [-8.0, 9.0, -1.0]}}
{"trainingIteration": 1051, "message": "terminal_reached", "data": {"depth": 6, "action_history": [5, 7, 0, 1, 9, "DEAL", 9], "traverser": 0, "payoffs": [-8.0, 28.0, -20.0]}}
{"trainingIteration": 1051, "message": "terminal_reached", "data": {"depth": 2, "action_history": [5, 7, 6, "DEAL"], "traverser": 0, "payoffs": [-4.0, 12.0, -8.0]}}
{"trainingIteration": 1051, "message": "terminal_reached", "data": {"depth": 3, "action_history": [8, 0, 0], "traverser": 1, "payoffs": [1.5, -0.5, -1.0]}}
{"trainingIteration": 1051, "message": "terminal_reached", "data": {"depth": 6, "action_history": [8, 1, 0, "DEAL", 1, 9], "traverser": 1, "payoffs": [13.0, -12.0, -1.0]}}
{"trainingIteration": 1051, "message": "terminal_reached", "data": {"depth": 6, "action_history": [8, 1, 0, "DEAL", 2, 0], "traverser": 1, "payoffs": [-12.0, 13.0, -1.0]}}
{"trainingIteration": 1051, "message": "terminal_reached", "data": {"depth": 5, "action_history": [8, 1, 0, "DEAL", 9], "traverser": 1, "payoffs": [13.0, -12.0, -1.0]}}
{"trainingIteration": 1051, "message": "terminal_reached", "data": {"depth": 4, "action_history": [8, 1, 9, "DEAL", 9], "traverser": 1, "payoffs": [-12.0, -20.0, 32.0]}}
{"trainingIteration": 1051, "message": "terminal_reached", "data": {"depth": 4, "action_history": [5, 8, 0, 9], "traverser": 2, "payoffs": [13.0, -12.0, -1.0]}}
{"trainingIteration": 1051, "message": "terminal_reached", "data": {"depth": 4, "action_history": [5, 8, 1, 0], "traverser": 2, "payoffs": [-4.0, -12.0, 16.0]}}
{"trainingIteration": 1051, "message": "terminal_reached", "data": {"depth": 4, "action_history": [5, 8, 9, 0], "traverser": 2, "payoffs": [-4.0, -12.0, 16.0]}}
{"trainingIteration": 1051, "message": "terminal_reached", "data": {"depth": 4, "action_history": [1, 7, 9, 1], "traverser": 0, "payoffs": [28.0, -8.0, -20.0]}}
{"trainingIteration": 1051, "message": "terminal_reached", "data": {"depth": 4, "action_history": [1, 7, 9, 9], "traverser": 0, "payoffs": [28.0, -8.0, -20.0]}}
{"trainingIteration": 1051, "message": "terminal_reached", "data": {"depth": 4, "action_history": [6, 0, 8, 0], "traverser": 0, "payoffs": [-2.875, -0.5, 3.375]}}
{"trainingIteration": 1051, "message": "terminal_reached", "data": {"depth": 4, "action_history": [6, 0, 8, 1], "traverser": 0, "payoffs": [11.75, -0.5, -11.25]}}
{"trainingIteration": 1051, "message": "terminal_reached", "data": {"depth": 4, "action_history": [6, 0, 8, 9], "traverser": 0, "payoffs": [11.75, -0.5, -11.25]}}
{"trainingIteration": 1051, "message": "terminal_reached", "data": {"depth": 5, "action_history": [7, 1, 5, 0, 1], "traverser": 0, "payoffs": [-3.5, -9.43, 12.93]}}
{"trainingIteration": 1051, "message": "terminal_reached", "data": {"depth": 5, "action_history": [7, 1, 5, 1, 9], "traverser": 0, "payoffs": [18.86, -9.43, -9.43]}}
{"trainingIteration": 1051, "message": "terminal_reached", "data": {"depth": 5, "action_history": [7, 1, 5, 9, 9], "traverser": 0, "payoffs": [29.43, -20.0, -9.43]}}
{"trainingIteration": 1051, "message": "terminal_reached", "data": {"depth": 3, "action_history": [6, 9, 0], "traverser": 1, "payoffs": [6.0, -5.0, -1.0]}}
{"trainingIteration": 1051, "message": "terminal_reached", "data": {"depth": 2, "action_history": [9, 1], "traverser": 2, "payoffs": [18.0, -20.0, 2.0]}}
{"trainingIteration": 1051, "message": "terminal_reached", "data": {"depth": 3, "action_history": [1, 9, 1], "traverser": 0, "payoffs": [-1.0, 21.0, -20.0]}}
{"trainingIteration": 1051, "message": "terminal_reached", "data": {"depth": 5, "action_history": [2, 5, 5, 0, 0], "traverser": 0, "payoffs": [-1.625, -3.9299999999999997, 5.555]}}
{"trainingIteration": 1051, "message": "terminal_reached", "data": {"depth": 5, "action_history": [2, 5, 5, 1, 0], "traverser": 0, "payoffs": [-9.1901, -3.9299999999999997, 13.120099999999994]}}
{"trainingIteration": 1051, "message": "terminal_reached", "data": {"depth": 5, "action_history": [2, 5, 5, 9, 0], "traverser": 0, "payoffs": [-9.1901, -3.9299999999999997, 13.120099999999994]}}
{"trainingIteration": 1051, "message": "terminal_reached", "data": {"depth": 4, "action_history": [4, 6, 0, 0], "traverser": 0, "payoffs": [-2.25, 3.25, -1.0]}}
{"trainingIteration": 1051, "message": "terminal_reached", "data": {"depth": 4, "action_history": [4, 6, 0, 1], "traverser": 0, "payoffs": [-5.875, 6.875, -1.0]}}
{"trainingIteration": 1051, "message": "terminal_reached", "data": {"depth": 5, "action_history": [4, 6, 0, 5, 9], "traverser": 0, "payoffs": [-12.040000000000001, 13.04, -1.0]}}
{"trainingIteration": 1051, "message": "terminal_reached", "data": {"depth": 5, "action_history": [4, 6, 0, 6, 9], "traverser": 0, "payoffs": [-13.1875, 14.1875, -1.0]}}
{"trainingIteration": 1051, "message": "terminal_reached", "data": {"depth": 5, "action_history": [4, 6, 0, 7, 1], "traverser": 0, "payoffs": [-16.375, 17.375, -1.0]}}
{"trainingIteration": 1051, "message": "terminal_reached", "data": {"depth": 4, "action_history": [4, 6, 0, 9], "traverser": 0, "payoffs": [-5.875, 6.875, -1.0]}}
{"trainingIteration": 1051, "message": "terminal_reached", "data": {"depth": 5, "action_history": [5, 1, 5, 0, 0], "traverser": 0, "payoffs": [-2.6499999999999986, -2.6499999999999986, 5.300000000000001]}}
{"trainingIteration": 1051, "message": "terminal_reached", "data": {"depth": 7, "action_history": [5, 1, 5, 1, 4, 9, 0], "traverser": 0, "payoffs": [-6.8969999999999985, 21.489499999999992, -14.5925]}}
{"trainingIteration": 1051, "message": "terminal_reached", "data": {"depth": 8, "action_history": [5, 1, 5, 1, 4, 9, 1, 1], "traverser": 0, "payoffs": [-19.999999999999996, 39.99999999999999, -20.0]}}
{"trainingIteration": 1051, "message": "terminal_reached", "data": {"depth": 7, "action_history": [5, 1, 5, 1, 4, 9, 9], "traverser": 0, "payoffs": [-20.0, 29.184999999999995, -9.184999999999999]}}
{"trainingIteration": 1051, "message": "terminal_reached", "data": {"depth": 6, "action_history": [5, 1, 5, 5, 1, 0], "traverser": 0, "payoffs": [-15.100040000000002, 21.99704, -6.897000000000002]}}
{"trainingIteration": 1051, "message": "terminal_reached", "data": {"depth": 6, "action_history": [5, 1, 5, 6, 9, 9], "traverser": 0, "payoffs": [-16.58, 36.58, -20.0]}}
{"trainingIteration": 1051, "message": "terminal_reached", "data": {"depth": 5, "action_history": [5, 1, 5, 9, 0], "traverser": 0, "payoffs": [-6.897000000000002, -2.6499999999999986, 9.547]}}
{"trainingIteration": 1051, "message": "terminal_reached", "data": {"depth": 4, "action_history": [6, 8, 1, 0], "traverser": 0, "payoffs": [-2.875, 15.375, -12.5]}}
{"trainingIteration": 1051, "message": "terminal_reached", "data": {"depth": 4, "action_history": [6, 8, 1, 1], "traverser": 0, "payoffs": [-12.5, 25.0, -12.5]}}
{"trainingIteration": 1051, "message": "terminal_reached", "data": {"depth": 4, "action_history": [6, 8, 1, 9], "traverser": 0, "payoffs": [-12.5, 25.0, -12.5]}}
{"trainingIteration": 1051, "message": "terminal_reached", "data": {"depth": 4, "action_history": [8, 7, 0, 0], "traverser": 0, "payoffs": [-4.75, 5.75, -1.0]}}
{"trainingIteration": 1051, "message": "terminal_reached", "data": {"depth": 5, "action_history": [1, 3, 6, 0, 0], "traverser": 1, "payoffs": [-1.0, -2.5, 3.5]}}
{"trainingIteration": 1051, "message": "terminal_reached", "data": {"depth": 3, "action_history": [5, 9, 9], "traverser": 0, "payoffs": [-4.0, 24.0, -20.0]}}
{"trainingIteration": 1051, "message": "terminal_reached", "data": {"depth": 12, "action_history": [5, 7, 0, 1, "DEAL", 1, 1, 1, "DEAL", 1, 3, 0], "traverser": 1, "payoffs": [9.0, -8.0, -1.0]}}
{"trainingIteration": 1051, "message": "terminal_reached", "data": {"depth": 13, "action_history": [5, 7, 0, 1, "DEAL", 1, 1, 1, "DEAL", 1, 3, 1, "DEAL"], "traverser": 1, "payoffs": [14.61, -13.61, -1.0]}}
{"trainingIteration": 1051, "message": "terminal_reached", "data": {"depth": 13, "action_history": [5, 7, 0, 1, "DEAL", 1, 1, 1, "DEAL", 1, 3, 1, 9, "DEAL"], "traverser": 1, "payoffs": [14.61, 13.61, -20.0]}}
{"trainingIteration": 1051, "message": "terminal_reached", "data": {"depth": 10, "action_history": [5, 7, 0, 1, "DEAL", 1, 1, 1, "DEAL", 1, 3, 2], "traverser": 1, "payoffs": [14.61, -13.61, -1.0]}}
{"trainingIteration": 1051, "message": "terminal_reached", "data": {"depth": 10, "action_history": [5, 7, 0, 1, "DEAL", 1, 1, 1, "DEAL", 1, 3, 3], "traverser": 1, "payoffs": [14.61, -13.61, -1.0]}}
{"trainingIteration": 1051, "message": "terminal_reached", "data": {"depth": 10, "action_history": [5, 7, 0, 1, "DEAL", 1, 1, 1, "DEAL", 1, 3, 4], "traverser": 1, "payoffs": [14.61, -13.61, -1.0]}}
{"trainingIteration": 1051, "message": "terminal_reached", "data": {"depth": 10, "action_history": [5, 7, 0, 1, "DEAL", 1, 1, 1, "DEAL", 1, 3, 5], "traverser": 1, "payoffs": [14.61, -13.61, -1.0]}}
{"trainingIteration": 1051, "message": "terminal_reached", "data": {"depth": 10, "action_history": [5, 7, 0, 1, "DEAL", 1, 1, 1, "DEAL", 1, 3, 9], "traverser": 1, "payoffs": [14.61, -13.61, -1.0]}}
{"trainingIteration": 1051, "message": "terminal_reached", "data": {"depth": 9, "action_history": [5, 7, 0, 1, "DEAL", 1, 1, 1, "DEAL", 1, 2, "DEAL"], "traverser": 1, "payoffs": [9.0, -8.0, -1.0]}}
{"trainingIteration": 1051, "message": "terminal_reached", "data": {"depth": 9, "action_history": [5, 7, 0, 1, "DEAL", 1, 1, 1, "DEAL", 1, 2, 3, "DEAL"], "traverser": 1, "payoffs": [9.0, 8.0, -13.665000000000001]}}
{"trainingIteration": 1051, "message": "terminal_reached", "data": {"depth": 9, "action_history": [5, 7, 0, 1, "DEAL", 1, 1, 1, "DEAL", 1, 2, 3, 4, "DEAL"], "traverser": 1, "payoffs": [9.0, 8.0, -7.334999999999999]}}
{"trainingIteration": 1051, "message": "terminal_reached", "data": {"depth": 9, "action_history": [5, 7, 0, 1, "DEAL", 1, 1, 1, "DEAL", 1, 2, 3, 4, 5, "DEAL"], "traverser": 1, "payoffs": [9.0, 8.0, -13.665000000000001]}}
{"trainingIteration": 1051, "message": "terminal_reached", "data": {"depth": 9, "action_history": [5, 7, 0, 1, "DEAL", 1, 1, 1, "DEAL", 1, 2, 3, 4, 5, 9, "DEAL"], "traverser": 1, "payoffs": [9.0, 8.0, -20.0]}}
{"trainingIteration": 1051, "message": "terminal_reached", "data": {"depth": 7, "action_history": [5, 7, 0, 1, "DEAL", 1, 1, 1, "DEAL", 1, 2, 3, 4, 2, "DEAL"], "traverser": 1, "payoffs": [9.0, 8.0, -7.896249999999998]}}
{"trainingIteration": 1051, "message": "terminal_reached", "data": {"depth": 7, "action_history": [5, 7, 0, 1, "DEAL", 1, 1, 1, "DEAL", 1, 2, 3, 4, 2, 3, "DEAL"], "traverser": 1, "payoffs": [9.0, 8.0, -10.288262499999998]}}
{"trainingIteration": 1051, "message": "terminal_reached", "data": {"depth": 7, "action_history": [5, 7, 0, 1, "DEAL", 1, 1, 1, "DEAL", 1, 2, 3, 4, 2, 3, 4, "DEAL"], "traverser": 1, "payoffs": [9.0, 8.0, -10.7117375]}}
{"trainingIteration": 1051, "message": "terminal_reached", "data": {"depth": 7, "action_history": [5, 7, 0, 1, "DEAL", 1, 1, 1, "DEAL", 1, 2, 3, 4, 2, 3, 4, 5, "DEAL"], "traverser": 1, "payoffs": [9.0, 8.0, -10.288262499999998]}}
{"trainingIteration": 1051, "message": "terminal_reached", "data": {"depth": 7, "action_history": [5, 7, 0, 1, "DEAL", 1, 1, 1, "DEAL", 1, 2, 3, 4, 2, 3, 4, 5, 9, "DEAL"], "traverser": 1, "payoffs": [9.0, 8.0, -20.0]}}
{"trainingIteration": 1051, "message": "terminal_reached", "data": {"depth": 3, "action_history": [5, 7, 0, 1, "DEAL", 1, 1, 1, "DEAL", 1, 2, 3, 4, 2, 3, 9, "DEAL"], "traverser": 1, "payoffs": [9.0, 8.0, -20.0]}}
{"trainingIteration": 1051, "message": "terminal_reached", "data": {"depth": 3, "action_history": [7, 9, 0], "traverser": 2, "payoffs": [9.0, -8.0, -1.0]}}
{"trainingIteration": 1051, "message": "terminal_reached", "data": {"depth": 3, "action_history": [7, 9, 9], "traverser": 2, "payoffs": [-8.0, -20.0, 28.0]}}
{"trainingIteration": 1051, "message": "terminal_reached", "data": {"depth": 3, "action_history": [6, 9, 1], "traverser": 0, "payoffs": [-5.0, 25.0, -20.0]}}
{"trainingIteration": 1051, "message": "terminal_reached", "data": {"depth": 4, "action_history": [8, 5, 0, 0], "traverser": 0, "payoffs": [-4.75, 5.75, -1.0]}}
{"trainingIteration": 1051, "message": "terminal_reached", "data": {"depth": 4, "action_history": [8, 5, 0, 1], "traverser": 0, "payoffs": [-11.18, 12.18, -1.0]}}
{"trainingIteration": 1051, "message": "terminal_reached", "data": {"depth": 4, "action_history": [8, 5, 0, 9], "traverser": 0, "payoffs": [-11.18, 12.18, -1.0]}}
{"trainingIteration": 1051, "message": "terminal_reached", "data": {"depth": 4, "action_history": [4, 0, 8, 9], "traverser": 1, "payoffs": [-12.0, -0.5, 12.5]}}
{"trainingIteration": 1051, "message": "terminal_reached", "data": {"depth": 5, "action_history": [4, 1, 8, 1, 0], "traverser": 1, "payoffs": [-15.5, -3.0, 18.5]}}
{"trainingIteration": 1051, "message": "terminal_reached", "data": {"depth": 5, "action_history": [4, 1, 8, 1, 1], "traverser": 1, "payoffs": [-15.5, -15.5, 31.0]}}
{"trainingIteration": 1051, "message": "terminal_reached", "data": {"depth": 5, "action_history": [4, 1, 8, 1, 9], "traverser": 1, "payoffs": [-15.5, -15.5, 31.0]}}
{"trainingIteration": 1051, "message": "terminal_reached", "data": {"depth": 4, "action_history": [4, 8, 9, 0], "traverser": 1, "payoffs": [-3.0, -13.0, 16.0]}}
{"trainingIteration": 1051, "message": "terminal_reached", "data": {"depth": 3, "action_history": [4, 9, 0], "traverser": 1, "payoffs": [-3.0, 4.0, -1.0]}}
{"trainingIteration": 1051, "message": "terminal_reached", "data": {"depth": 4, "action_history": [1, 6, 0, 9], "traverser": 2, "payoffs": [6.0, -5.0, -1.0]}}
{"trainingIteration": 1051, "message": "terminal_reached", "data": {"depth": 6, "action_history": [1, 6, 1, 6, 0, 0], "traverser": 2, "payoffs": [10.0, -5.0, -5.0]}}
{"trainingIteration": 1051, "message": "terminal_reached", "data": {"depth": 6, "action_history": [1, 6, 1, 6, 0, 1], "traverser": 2, "payoffs": [20.25, -5.0, -15.25]}}
{"trainingIteration": 1051, "message": "terminal_reached", "data": {"depth": 6, "action_history": [1, 6, 1, 6, 0, 9], "traverser": 2, "payoffs": [20.25, -5.0, -15.25]}}
{"trainingIteration": 1051, "message": "terminal_reached", "data": {"depth": 5, "action_history": [1, 6, 8, 0, 0], "traverser": 2, "payoffs": [-1.0, -5.0, 6.0]}}
{"trainingIteration": 1051, "message": "terminal_reached", "data": {"depth": 4, "action_history": [1, 6, 9, 0], "traverser": 2, "payoffs": [-1.0, 6.0, -5.0]}}
{"trainingIteration": 1051, "message": "terminal_reached", "data": {"depth": 3, "action_history": [0, 5, 0], "traverser": 0, "payoffs": [0, 1.0, -1.0]}}
{"trainingIteration": 1051, "message": "terminal_reached", "data": {"depth": 11, "action_history": [1, 3, 1, 0, "DEAL", 3, 2, 5, 1, "DEAL", 9], "traverser": 0, "payoffs": [-1.0, -14.850400000000002, 15.8504]}}
{"trainingIteration": 1051, "message": "terminal_reached", "data": {"depth": 5, "action_history": [1, 3, 1, 0, "DEAL", 1, "DEAL"], "traverser": 0, "payoffs": [-1.0, -2.5, 3.5]}}
{"trainingIteration": 1051, "message": "terminal_reached", "data": {"depth": 5, "action_history": [1, 3, 1, 0, "DEAL", 1, 6, "DEAL"], "traverser": 0, "payoffs": [-1.0, -1.0, 2.0]}}
{"trainingIteration": 1051, "message": "terminal_reached", "data": {"depth": 5, "action_history": [1, 3, 1, 0, "DEAL", 1, 6, 7, "DEAL"], "traverser": 0, "payoffs": [-1.0, -1.0, 2.0]}}
{"trainingIteration": 1051, "message": "terminal_reached", "data": {"depth": 5, "action_history": [1, 3, 1, 0, "DEAL", 1, 6, 7, 8, "DEAL"], "traverser": 0, "payoffs": [-1.0, -1.0, 2.0]}}
{"trainingIteration": 1051, "message": "terminal_reached", "data": {"depth": 4, "action_history": [1, 3, 1, 0, "DEAL", 1, 6, 7, 8, 9], "traverser": 0, "payoffs": [-1.0, -1.0, 2.0]}}
{"trainingIteration": 1051, "message": "terminal_reached", "data": {"depth": 2, "action_history": [1, 3, 1, 0, "DEAL", 1, 3, "DEAL"], "traverser": 0, "payoffs": [-1.0, 1.0, 1.5199999999999996]}}
{"trainingIteration": 1051, "message": "terminal_reached", "data": {"depth": 2, "action_history": [1, 3, 1, 0, "DEAL", 1, 3, 4, "DEAL"], "traverser": 0, "payoffs": [-1.0, 1.0, 0.490000000000002]}}
{"trainingIteration": 1051, "message": "terminal_reached", "data": {"depth": 2, "action_history": [1, 3, 1, 0, "DEAL", 1, 3, 4, 5, "DEAL"], "traverser": 0, "payoffs": [-1.0, 1.0, 1.0]}}
{"trainingIteration": 1051, "message": "terminal_reached", "data": {"depth": 2, "action_history": [1, 3, 1, 0, "DEAL", 1, 3, 4, 5, 6, "DEAL"], "traverser": 0, "payoffs": [-1.0, 1.0, 1.0]}}
{"trainingIteration": 1051, "message": "terminal_reached", "data": {"depth": 2, "action_history": [1, 3, 1, 0, "DEAL", 1, 3, 4, 5, 6, 7, "DEAL"], "traverser": 0, "payoffs": [-1.0, 1.0, 1.0]}}
{"trainingIteration": 1051, "message": "terminal_reached", "data": {"depth": 2, "action_history": [1, 3, 1, 0, "DEAL", 1, 3, 4, 5, 6, 7, 8, "DEAL"], "traverser": 0, "payoffs": [-1.0, 1.0, 1.0]}}
{"trainingIteration": 1051, "message": "terminal_reached", "data": {"depth": 1, "action_history": [1, 3, 1, 0, "DEAL", 1, 3, 4, 5, 6, 7, 8, 9], "traverser": 0, "payoffs": [-1.0, 1.0, 1.0]}}
{"trainingIteration": 1051, "message": "terminal_reached", "data": {"depth": 7, "action_history": [6, 0, 1, "DEAL", 1, 7, 9], "traverser": 1, "payoffs": [-15.5, -0.5, 16.0]}}
{"trainingIteration": 1051, "message": "terminal_reached", "data": {"depth": 5, "action_history": [6, 0, 1, "DEAL", 1, 9], "traverser": 1, "payoffs": [-5.0, -0.5, 5.5]}}
{"trainingIteration": 1051, "message": "terminal_reached", "data": {"depth": 2, "action_history": [6, 0, 1, 9], "traverser": 1, "payoffs": [-5.0, -0.5, 5.5]}}
{"trainingIteration": 1051, "message": "terminal_reached", "data": {"depth": 3, "action_history": [7, 9, 0], "traverser": 2, "payoffs": [9.0, -8.0, -1.0]}}
{"trainingIteration": 1051, "message": "terminal_reached", "data": {"depth": 3, "action_history": [7, 9, 1], "traverser": 2, "payoffs": [-8.0, -20.0, 28.0]}}
{"trainingIteration": 1051, "message": "terminal_reached", "data": {"depth": 3, "action_history": [7, 9, 9], "traverser": 2, "payoffs": [-8.0, -20.0, 28.0]}}
{"trainingIteration": 1051, "message": "terminal_reached", "data": {"depth": 4, "action_history": [1, 3, 9, 0], "traverser": 0, "payoffs": [-1.0, 3.5, -2.5]}}
{"trainingIteration": 1051, "message": "terminal_reached", "data": {"depth": 3, "action_history": [6, 0, 1], "traverser": 0, "payoffs": [-2.875, -0.5, 3.375]}}
{"trainingIteration": 1051, "message": "terminal_reached", "data": {"depth": 4, "action_history": [7, 8, 9, 0], "traverser": 0, "payoffs": [-3.5, 18.5, -15.0]}}
{"trainingIteration": 1051, "message": "terminal_reached", "data": {"depth": 4, "action_history": [7, 8, 9, 1], "traverser": 0, "payoffs": [-20.0, 30.0, -10.0]}}
{"trainingIteration": 1051, "message": "terminal_reached", "data": {"depth": 4, "action_history": [7, 8, 9, 9], "traverser": 0, "payoffs": [-20.0, 30.0, -10.0]}}
{"trainingIteration": 1051, "message": "terminal_reached", "data": {"depth": 7, "action_history": [6, 1, 0, "DEAL", 1, 5, 0], "traverser": 1, "payoffs": [6.0, -5.0, -1.0]}}
{"trainingIteration": 1051, "message": "terminal_reached", "data": {"depth": 12, "action_history": [6, 1, 0, "DEAL", 1, 5, 1, "DEAL", 1, 1, 1, "DEAL"], "traverser": 1, "payoffs": [-12.260000000000002, 13.260000000000005, -1.0]}}
{"trainingIteration": 1051, "message": "terminal_reached", "data": {"depth": 12, "action_history": [6, 1, 0, "DEAL", 1, 5, 1, "DEAL", 1, 1, 1, 2, "DEAL"], "traverser": 1, "payoffs": [7.380000000000003, 13.260000000000005, -7.380000000000001]}}
{"trainingIteration": 1051, "message": "terminal_reached", "data": {"depth": 12, "action_history": [6, 1, 0, "DEAL", 1, 5, 1, "DEAL", 1, 1, 1, 2, 9, "DEAL"], "traverser": 1, "payoffs": [7.380000000000003, 13.260000000000005, -20.0]}}
{"trainingIteration": 1051, "message": "terminal_reached", "data": {"depth": 10, "action_history": [6, 1, 0, "DEAL", 1, 5, 1, "DEAL", 1, 1, 1, 2, "DEAL"], "traverser": 1, "payoffs": [7.380000000000003, 13.260000000000005, -7.380000000000001]}}
{"trainingIteration": 1051, "message": "terminal_reached", "data": {"depth": 10, "action_history": [6, 1, 0, "DEAL", 1, 5, 1, "DEAL", 1, 1, 1, 2, 9, "DEAL"], "traverser": 1, "payoffs": [7.380000000000003, 13.260000000000005, -20.0]}}
{"trainingIteration": 1051, "message": "terminal_reached", "data": {"depth": 8, "action_history": [6, 1, 0, "DEAL", 1, 5, 1, "DEAL", 1, 1, 1, 2, 9, "DEAL"], "traverser": 1, "payoffs": [7.380000000000003, 13.260000000000005, -20.0]}}
{"trainingIteration": 1051, "message": "terminal_reached", "data": {"depth": 6, "action_history": [6, 1, 0, "DEAL", 1, 5, 1, "DEAL", 1, 1, 1, 2, "DEAL"], "traverser": 1, "payoffs": [7.380000000000003, 13.260000000000005, -7.380000000000001]}}
{"trainingIteration": 1051, "message": "terminal_reached", "data": {"depth": 6, "action_history": [6, 1, 0, "DEAL", 1, 5, 1, "DEAL", 1, 1, 1, 2, 3, "DEAL"], "traverser": 1, "payoffs": [7.380000000000003, 13.260000000000005, -11.527000000000003]}}
{"trainingIteration": 1051, "message": "terminal_reached", "data": {"depth": 6, "action_history": [6, 1, 0, "DEAL", 1, 5, 1, "DEAL", 1, 1, 1, 2, 3, 4, "DEAL"], "traverser": 1, "payoffs": [7.380000000000003, 13.260000000000005, -9.472999999999997]}}
{"trainingIteration": 1051, "message": "terminal_reached", "data": {"depth": 6, "action_history": [6, 1, 0, "DEAL", 1, 5, 1, "DEAL", 1, 1, 1, 2, 3, 4, 5, "DEAL"], "traverser": 1, "payoffs": [7.380000000000003, 13.260000000000005, -11.527000000000003]}}
{"trainingIteration": 1051, "message": "terminal_reached", "data": {"depth": 6, "action_history": [6, 1, 0, "DEAL", 1, 5, 1, "DEAL", 1, 1, 1, 2, 3, 4, 5, 6, "DEAL"], "traverser": 1, "payoffs": [7.380000000000003, 13.260000000000005, -9.472999999999997]}}
{"trainingIteration": 1051, "message": "terminal_reached", "data": {"depth": 6, "action_history": [6, 1, 0, "DEAL", 1, 5, 1, "DEAL", 1, 1, 1, 2, 3, 4, 5, 6, 7, "DEAL"], "traverser": 1, "payoffs": [7.380000000000003, 13.260000000000005, -11.527000000000003]}}
{"trainingIteration": 1051, "message": "terminal_reached", "data": {"depth": 6, "action_history": [6, 1, 0, "DEAL", 1, 5, 1, "DEAL", 1, 1, 1, 2, 3, 4, 5, 6, 7, 9, "DEAL"], "traverser": 1, "payoffs": [7.380000000000003, 13.260000000000005, -20.0]}}
{"trainingIteration": 1051, "message": "terminal_reached", "data": {"depth": 3, "action_history": [6, 1, 0, "DEAL", 1, 5, 1, "DEAL", 1, 1, 1, 2, 3, 4, 5, 6, 8, "DEAL"], "traverser": 1, "payoffs": [7.380000000000003, 13.260000000000005, -11.527000000000003]}}
{"trainingIteration": 1051, "message": "terminal_reached", "data": {"depth": 3, "action_history": [6, 1, 0, "DEAL", 1, 5, 1, "DEAL", 1, 1, 1, 2, 3, 4, 5, 6, 8, 9, "DEAL"], "traverser": 1, "payoffs": [7.380000000000003, 13.260000000000005, -20.0]}}
{"trainingIteration": 1051, "message": "terminal_reached", "data": {"depth": 6, "action_history": [4, 1, 0, "DEAL", 6, 0], "traverser": 2, "payoffs": [-3.0, 4.0, -1.0]}}
{"trainingIteration": 1051, "message": "terminal_reached", "data": {"depth": 12, "action_history": [4, 1, 0, 1, "DEAL", 5, 1, 1, "DEAL", 4, 1, 1, "DEAL"], "traverser": 2, "payoffs": [-19.380000000000003, 22.380000000000003, -3.0]}}
{"trainingIteration": 1051, "message": "terminal_reached", "data": {"depth": 3, "action_history": [4, 1, 0, 1, "DEAL", 5, 7], "traverser": 2, "payoffs": [-8.940000000000001, 11.940000000000001, -3.0]}}
{"trainingIteration": 1051, "message": "terminal_reached", "data": {"depth": 2, "action_history": [0, 9], "traverser": 0, "payoffs": [0, 1.0, -1.0]}}
{"trainingIteration": 1051, "message": "terminal_reached", "data": {"depth": 5, "action_history": [1, 4, 4, 0, 0], "traverser": 0, "payoffs": [-1.0, -2.0, 3.0]}}
{"trainingIteration": 1051, "message": "terminal_reached", "data": {"depth": 7, "action_history": [1, 4, 4, 1, 4, 0, 0], "traverser": 0, "payoffs": [-3.5, 7.0, -3.5]}}
{"trainingIteration": 1051, "message": "terminal_reached", "data": {"depth": 7, "action_history": [1, 4, 4, 1, 4, 0, 1], "traverser": 0, "payoffs": [10.25, -6.75, -3.5]}}
{"trainingIteration": 1051, "message": "terminal_reached", "data": {"depth": 8, "action_history": [1, 4, 4, 1, 4, 0, 4, 0], "traverser": 0, "payoffs": [10.25, -6.75, -3.5]}}
{"trainingIteration": 1051, "message": "terminal_reached", "data": {"depth": 8, "action_history": [1, 4, 4, 1, 4, 0, 5, 0], "traverser": 0, "payoffs": [10.25, -6.75, -3.5]}}
{"trainingIteration": 1051, "message": "terminal_reached", "data": {"depth": 8, "action_history": [1, 4, 4, 1, 4, 0, 6, 0], "traverser": 0, "payoffs": [10.25, -6.75, -3.5]}}
{"trainingIteration": 1051, "message": "terminal_reached", "data": {"depth": 7, "action_history": [1, 4, 4, 1, 4, 0, 9], "traverser": 0, "payoffs": [10.25, -6.75, -3.5]}}
{"trainingIteration": 1051, "message": "terminal_reached", "data": {"depth": 7, "action_history": [1, 4, 4, 4, 0, 6, 0], "traverser": 0, "payoffs": [-7.0, -2.0, 9.0]}}
{"trainingIteration": 1051, "message": "terminal_reached", "data": {"depth": 7, "action_history": [1, 4, 4, 4, 0, 6, 1], "traverser": 0, "payoffs": [17.5, -2.0, -15.5]}}
{"trainingIteration": 1051, "message": "terminal_reached", "data": {"depth": 7, "action_history": [1, 4, 4, 4, 0, 6, 9], "traverser": 0, "payoffs": [17.5, -2.0, -15.5]}}
{"trainingIteration": 1051, "message": "terminal_reached", "data": {"depth": 7, "action_history": [1, 4, 4, 5, 4, 9, 0], "traverser": 0, "payoffs": [-8.440000000000001, 25.070000000000007, -16.630000000000003]}}
{"trainingIteration": 1051, "message": "terminal_reached", "data": {"depth": 7, "action_history": [1, 4, 4, 5, 4, 9, 1], "traverser": 0, "payoffs": [36.63, -16.630000000000003, -20.0]}}
{"trainingIteration": 1051, "message": "terminal_reached", "data": {"depth": 7, "action_history": [1, 4, 4, 5, 4, 9, 9], "traverser": 0, "payoffs": [36.63, -16.630000000000003, -20.0]}}
{"trainingIteration": 1051, "message": "terminal_reached", "data": {"depth": 6, "action_history": [1, 4, 4, 6, 0, 1], "traverser": 0, "payoffs": [11.25, -2.0, -9.25]}}
{"trainingIteration": 1051, "message": "terminal_reached", "data": {"depth": 6, "action_history": [1, 4, 4, 7, 1, 9], "traverser": 0, "payoffs": [23.0, -11.5, -11.5]}}
{"trainingIteration": 1051, "message": "terminal_reached", "data": {"depth": 6, "action_history": [1, 4, 4, 8, 9, 9], "traverser": 0, "payoffs": [32.0, -12.0, -20.0]}}
{"trainingIteration": 1051, "message": "terminal_reached", "data": {"depth": 5, "action_history": [1, 4, 4, 9, 1], "traverser": 0, "payoffs": [23.5, -20.0, -3.5]}}
{"trainingIteration": 1051, "message": "terminal_reached", "data": {"depth": 3, "action_history": [2, 9, 1], "traverser": 0, "payoffs": [3.25, 16.75, -20.0]}}
{"trainingIteration": 1051, "message": "terminal_reached", "data": {"depth": 5, "action_history": [3, 7, 5, 0, 0], "traverser": 0, "payoffs": [-1.8249999999999993, -5.975000000000001, 7.800000000000001]}}
{"trainingIteration": 1051, "message": "terminal_reached", "data": {"depth": 5, "action_history": [3, 7, 5, 1, 1], "traverser": 0, "payoffs": [28.132999999999996, -14.066500000000001, -14.066500000000001]}}
{"trainingIteration": 1051, "message": "terminal_reached", "data": {"depth": 5, "action_history": [3, 7, 5, 9, 9], "traverser": 0, "payoffs": [34.0665, -20.0, -14.066500000000001]}}
{"trainingIteration": 1051, "message": "terminal_reached", "data": {"depth": 5, "action_history": [5, 6, 6, 0, 9], "traverser": 0, "payoffs": [-2.6499999999999986, 20.825000000000003, -18.175]}}
{"trainingIteration": 1051, "message": "terminal_reached", "data": {"depth": 5, "action_history": [5, 6, 6, 1, 1], "traverser": 0, "payoffs": [36.349999999999994, -18.174999999999994, -18.175]}}
{"trainingIteration": 1051, "message": "terminal_reached", "data": {"depth": 5, "action_history": [5, 6, 6, 9, 1], "traverser": 0, "payoffs": [38.175000000000004, -20.0, -18.175]}}
{"trainingIteration": 1051, "message": "terminal_reached", "data": {"depth": 5, "action_history": [6, 5, 5, 0, 9], "traverser": 0, "payoffs": [-2.875, 19.6181, -16.7431]}}
{"trainingIteration": 1051, "message": "terminal_reached", "data": {"depth": 5, "action_history": [6, 5, 5, 1, 1], "traverser": 0, "payoffs": [33.4862, -16.7431, -16.7431]}}
{"trainingIteration": 1051, "message": "terminal_reached", "data": {"depth": 5, "action_history": [6, 5, 5, 9, 1], "traverser": 0, "payoffs": [36.7431, -20.0, -16.7431]}}
{"trainingIteration": 1051, "message": "terminal_reached", "data": {"depth": 3, "action_history": [8, 9, 9], "traverser": 0, "payoffs": [9.5, 10.5, -20.0]}}
{"trainingIteration": 1051, "message": "terminal_reached", "data": {"depth": 2, "action_history": [9, 9], "traverser": 0, "payoffs": [21.0, -20.0, -1.0]}}
{"trainingIteration": 1051, "message": "terminal_reached", "data": {"depth": 10, "action_history": [4, 1, 1, "DEAL", 1, 8, 1, 0, "DEAL", 9], "traverser": 1, "payoffs": [19.5, -3.0, -16.5]}}
{"trainingIteration": 1051, "message": "terminal_reached", "data": {"depth": 9, "action_history": [4, 1, 1, "DEAL", 1, 8, 1, 0, 1, "DEAL"], "traverser": 1, "payoffs": [19.5, -3.0, -16.5]}}
{"trainingIteration": 1051, "message": "terminal_reached", "data": {"depth": 8, "action_history": [4, 1, 1, "DEAL", 1, 8, 1, 0, 1, 9], "traverser": 1, "payoffs": [19.5, -3.0, 3.0]}}
{"trainingIteration": 1051, "message": "terminal_reached", "data": {"depth": 6, "action_history": [4, 1, 1, "DEAL", 1, 8, 2, "DEAL"], "traverser": 1, "payoffs": [19.5, -3.0, -16.5]}}
{"trainingIteration": 1051, "message": "terminal_reached", "data": {"depth": 6, "action_history": [4, 1, 1, "DEAL", 1, 8, 2, 3, "DEAL"], "traverser": 1, "payoffs": [19.5, 3.0, -3.0]}}
{"trainingIteration": 1051, "message": "terminal_reached", "data": {"depth": 6, "action_history": [4, 1, 1, "DEAL", 1, 8, 2, 3, 4, "DEAL"], "traverser": 1, "payoffs": [19.5, 3.0, 0.0]}}
{"trainingIteration": 1051, "message": "terminal_reached", "data": {"depth": 6, "action_history": [4, 1, 1, "DEAL", 1, 8, 2, 3, 4, 5, "DEAL"], "traverser": 1, "payoffs": [19.5, 3.0, 0.0]}}
{"trainingIteration": 1051, "message": "terminal_reached", "data": {"depth": 6, "action_history": [4, 1, 1, "DEAL", 1, 8, 2, 3, 4, 5, 6, "DEAL"], "traverser": 1, "payoffs": [19.5, 3.0, 0.0]}}
{"trainingIteration": 1051, "message": "terminal_reached", "data": {"depth": 6, "action_history": [4, 1, 1, "DEAL", 1, 8, 2, 3, 4, 5, 6, 7, "DEAL"], "traverser": 1, "payoffs": [19.5, 3.0, 0.0]}}
{"trainingIteration": 1051, "message": "terminal_reached", "data": {"depth": 6, "action_history": [4, 1, 1, "DEAL", 1, 8, 2, 3, 4, 5, 6, 7, 8, "DEAL"], "traverser": 1, "payoffs": [19.5, 3.0, 0.0]}}
{"trainingIteration": 1051, "message": "terminal_reached", "data": {"depth": 5, "action_history": [4, 1, 1, "DEAL", 1, 8, 2, 3, 4, 5, 6, 7, 8, 9], "traverser": 1, "payoffs": [19.5, 3.0, 0.0]}}
{"trainingIteration": 1051, "message": "terminal_reached", "data": {"depth": 2, "action_history": [4, 1, 1, "DEAL", 1, 8, 2, 3, 4, 5, 6, 9], "traverser": 1, "payoffs": [19.5, 3.0, 0.0]}}
{"trainingIteration": 1051, "message": "terminal_reached", "data": {"depth": 3, "action_history": [6, 9, 0], "traverser": 2, "payoffs": [6.0, -5.0, -1.0]}}
{"trainingIteration": 1051, "message": "terminal_reached", "data": {"depth": 3, "action_history": [6, 9, 1], "traverser": 2, "payoffs": [10.0, 10.0, -20.0]}}
{"trainingIteration": 1051, "message": "terminal_reached", "data": {"depth": 3, "action_history": [6, 9, 9], "traverser": 2, "payoffs": [10.0, 10.0, -20.0]}}
{"trainingIteration": 1051, "message": "terminal_reached", "data": {"depth": 3, "action_history": [0, 5, 0], "traverser": 0, "payoffs": [0, 1.0, -1.0]}}
{"trainingIteration": 1051, "message": "terminal_reached", "data": {"depth": 3, "action_history": [1, 9, 1], "traverser": 0, "payoffs": [-1.0, -20.0, 21.0]}}
{"trainingIteration": 1051, "message": "terminal_reached", "data": {"depth": 5, "action_history": [2, 6, 7, 0, 1], "traverser": 0, "payoffs": [-1.625, -13.5625, 15.1875]}}
{"trainingIteration": 1051, "message": "terminal_reached", "data": {"depth": 5, "action_history": [2, 6, 7, 1, 0], "traverser": 0, "payoffs": [-13.5625, -4.3125, 17.875]}}
{"trainingIteration": 1051, "message": "terminal_reached", "data": {"depth": 5, "action_history": [2, 6, 7, 9, 1], "traverser": 0, "payoffs": [-20.0, -7.125, 27.125]}}
{"trainingIteration": 1051, "message": "terminal_reached", "data": {"depth": 3, "action_history": [3, 9, 1], "traverser": 0, "payoffs": [-1.8249999999999993, -20.0, 21.825000000000003]}}
{"trainingIteration": 1051, "message": "terminal_reached", "data": {"depth": 4, "action_history": [5, 8, 1, 0], "traverser": 0, "payoffs": [-2.6499999999999986, -11.600000000000001, 14.25]}}
{"trainingIteration": 1051, "message": "terminal_reached", "data": {"depth": 4, "action_history": [5, 8, 1, 1], "traverser": 0, "payoffs": [-11.6, -11.600000000000001, 23.200000000000003]}}
{"trainingIteration": 1051, "message": "terminal_reached", "data": {"depth": 4, "action_history": [5, 8, 1, 9], "traverser": 0, "payoffs": [-11.600000000000001, -11.600000000000001, 23.200000000000003]}}
{"trainingIteration": 1051, "message": "terminal_reached", "data": {"depth": 3, "action_history": [6, 9, 0], "traverser": 0, "payoffs": [-2.875, 3.875, -1.0]}}
{"trainingIteration": 1051, "message": "terminal_reached", "data": {"depth": 4, "action_history": [8, 5, 0, 0], "traverser": 0, "payoffs": [-4.75, 5.75, -1.0]}}
{"trainingIteration": 1051, "message": "terminal_reached", "data": {"depth": 4, "action_history": [8, 5, 0, 1], "traverser": 0, "payoffs": [-11.18, 12.18, -1.0]}}
{"trainingIteration": 1051, "message": "terminal_reached", "data": {"depth": 4, "action_history": [8, 5, 0, 9], "traverser": 0, "payoffs": [-11.18, 12.18, -1.0]}}
{"trainingIteration": 1051, "message": "terminal_reached", "data": {"depth": 2, "action_history": [9, 1], "traverser": 0, "payoffs": [-20.0, 18.0, 2.0]}}
{"trainingIteration": 1051, "message": "terminal_reached", "data": {"depth": 7, "action_history": [6, 1, 1, "DEAL", 1, 9, 0], "traverser": 1, "payoffs": [-5.0, 10.0, -5.0]}}
{"trainingIteration": 1051, "message": "terminal_reached", "data": {"depth": 9, "action_history": [6, 1, 1, "DEAL", 2, 1, 3, 0, 1], "traverser": 1, "payoffs": [26.1625, -8.75, -17.4125]}}
{"trainingIteration": 1051, "message": "terminal_reached", "data": {"depth": 9, "action_history": [6, 1, 1, "DEAL", 2, 1, 3, 1, 9], "traverser": 1, "payoffs": [-17.4125, 34.825, -17.4125]}}
{"trainingIteration": 1051, "message": "terminal_reached", "data": {"depth": 9, "action_history": [6, 1, 1, "DEAL", 2, 1, 3, 9, 9], "traverser": 1, "payoffs": [-17.4125, 37.4125, -20.0]}}
{"trainingIteration": 1051, "message": "terminal_reached", "data": {"depth": 8, "action_history": [6, 1, 1, "DEAL", 3, 2, 0, 0], "traverser": 1, "payoffs": [-5.0, -9.95, 14.950000000000003]}}
{"trainingIteration": 1051, "message": "terminal_reached", "data": {"depth": 8, "action_history": [6, 1, 1, "DEAL", 3, 2, 0, 1], "traverser": 1, "payoffs": [-5.0, 21.174999999999997, -16.175]}}
{"trainingIteration": 1051, "message": "terminal_reached", "data": {"depth": 8, "action_history": [6, 1, 1, "DEAL", 3, 2, 0, 9], "traverser": 1, "payoffs": [-5.0, 21.174999999999997, -16.175]}}
{"trainingIteration": 1051, "message": "terminal_reached", "data": {"depth": 7, "action_history": [6, 1, 1, "DEAL", 4, 1, 9], "traverser": 1, "payoffs": [-12.5, 25.0, -12.5]}}
{"trainingIteration": 1051, "message": "terminal_reached", "data": {"depth": 7, "action_history": [6, 1, 1, "DEAL", 5, 1, 0], "traverser": 1, "payoffs": [-5.0, 19.900000000000006, -14.9]}}
{"trainingIteration": 1051, "message": "terminal_reached", "data": {"depth": 7, "action_history": [6, 1, 1, "DEAL", 6, 0, 1], "traverser": 1, "payoffs": [-16.25, 21.25, -5.0]}}
{"trainingIteration": 1051, "message": "terminal_reached", "data": {"depth": 6, "action_history": [6, 1, 1, "DEAL", 7, 0], "traverser": 1, "payoffs": [-5.0, 10.0, -5.0]}}
{"trainingIteration": 1051, "message": "terminal_reached", "data": {"depth": 6, "action_history": [6, 1, 1, "DEAL", 9, 1], "traverser": 1, "payoffs": [-5.0, 25.0, -20.0]}}
{"trainingIteration": 1051, "message": "terminal_reached", "data": {"depth": 6, "action_history": [6, 1, 8, "DEAL", 2, 9, 0], "traverser": 1, "payoffs": [-5.0, 17.25, -12.25]}}
{"trainingIteration": 1051, "message": "terminal_reached", "data": {"depth": 6, "action_history": [6, 1, 8, "DEAL", 3, 9, 0], "traverser": 1, "payoffs": [-5.0, 19.57, -14.57]}}
{"trainingIteration": 1051, "message": "terminal_reached", "data": {"depth": 6, "action_history": [6, 1, 8, "DEAL", 4, 9, 1], "traverser": 1, "payoffs": [-19.5, 39.0, -19.5]}}
{"trainingIteration": 1051, "message": "terminal_reached", "data": {"depth": 5, "action_history": [6, 1, 8, "DEAL", 9, 0], "traverser": 1, "payoffs": [-5.0, 24.0, -19.0]}}
{"trainingIteration": 1051, "message": "terminal_reached", "data": {"depth": 6, "action_history": [6, 1, 0, "DEAL", 7, 0], "traverser": 2, "payoffs": [-5.0, 6.0, -1.0]}}
{"trainingIteration": 1051, "message": "terminal_reached", "data": {"depth": 5, "action_history": [6, 1, 0, 1, "DEAL", 7], "traverser": 2, "payoffs": [-5.0, 10.0, -5.0]}}
{"trainingIteration": 1051, "message": "terminal_reached", "data": {"depth": 3, "action_history": [0, 5, 0], "traverser": 0, "payoffs": [0, 1.0, -1.0]}}
{"trainingIteration": 1051, "message": "terminal_reached", "data": {"depth": 11, "action_history": [1, 5, 1, 0, "DEAL", 3, 4, 1, 1, "DEAL", 9], "traverser": 0, "payoffs": [-1.0, 15.439999999999998, -14.440000000000001]}}
{"trainingIteration": 1051, "message": "terminal_reached", "data": {"depth": 5, "action_history": [1, 5, 1, 0, "DEAL", 1, "DEAL"], "traverser": 0, "payoffs": [-1.0, 5.0, -4.0]}}
{"trainingIteration": 1051, "message": "terminal_reached", "data": {"depth": 5, "action_history": [1, 5, 1, 0, "DEAL", 1, 7, "DEAL"], "traverser": 0, "payoffs": [-1.0, 5.0, 1.0]}}
{"trainingIteration": 1051, "message": "terminal_reached", "data": {"depth": 5, "action_history": [1, 5, 1, 0, "DEAL", 1, 7, 8, "DEAL"], "traverser": 0, "payoffs": [-1.0, 5.0, 1.0]}}
{"trainingIteration": 1051, "message": "terminal_reached", "data": {"depth": 4, "action_history": [1, 5, 1, 0, "DEAL", 1, 7, 8, 9], "traverser": 0, "payoffs": [-1.0, 5.0, 1.0]}}
{"trainingIteration": 1051, "message": "terminal_reached", "data": {"depth": 2, "action_history": [1, 5, 1, 0, "DEAL", 3, "DEAL"], "traverser": 0, "payoffs": [-1.0, 5.0, -4.0]}}
{"trainingIteration": 1051, "message": "terminal_reached", "data": {"depth": 2, "action_history": [1, 5, 1, 0, "DEAL", 3, 4, "DEAL"], "traverser": 0, "payoffs": [-1.0, 5.0, 1.0]}}
{"trainingIteration": 1051, "message": "terminal_reached", "data": {"depth": 2, "action_history": [1, 5, 1, 0, "DEAL", 3, 4, 5, "DEAL"], "traverser": 0, "payoffs": [-1.0, 5.0, 1.0]}}
{"trainingIteration": 1051, "message": "terminal_reached", "data": {"depth": 2, "action_history": [1, 5, 1, 0, "DEAL", 3, 4, 5, 6, "DEAL"], "traverser": 0, "payoffs": [-1.0, 5.0, 1.0]}}
{"trainingIteration": 1051, "message": "terminal_reached", "data": {"depth": 2, "action_history": [1, 5, 1, 0, "DEAL", 3, 4, 5, 6, 7, "DEAL"], "traverser": 0, "payoffs": [-1.0, 5.0, 0.07045000000000101]}}
{"trainingIteration": 1051, "message": "terminal_reached", "data": {"depth": 2, "action_history": [1, 5, 1, 0, "DEAL", 3, 4, 5, 6, 7, 8, "DEAL"], "traverser": 0, "payoffs": [-1.0, 5.0, 1.0]}}
{"trainingIteration": 1051, "message": "terminal_reached", "data": {"depth": 1, "action_history": [1, 5, 1, 0, "DEAL", 3, 4, 5, 6, 7, 8, 9], "traverser": 0, "payoffs": [-1.0, 5.0, 1.0]}}
{"trainingIteration": 1051, "message": "terminal_reached", "data": {"depth": 4, "action_history": [5, 7, 0, 9], "traverser": 1, "payoffs": [9.0, -8.0, -1.0]}}
{"trainingIteration": 1051, "message": "terminal_reached", "data": {"depth": 4, "action_history": [5, 8, 1, 0], "traverser": 1, "payoffs": [-4.0, -17.0, 21.0]}}
{"trainingIteration": 1051, "message": "terminal_reached", "data": {"depth": 3, "action_history": [5, 9, 1], "traverser": 1, "payoffs": [8.0, -20.0, 12.0]}}
{"trainingIteration": 1051, "message": "terminal_reached", "data": {"depth": 7, "action_history": [6, 1, 0, "DEAL", 4, 2, 0], "traverser": 2, "payoffs": [11.5, -10.5, -1.0]}}
{"trainingIteration": 1051, "message": "terminal_reached", "data": {"depth": 6, "action_history": [6, 1, 0, 1, "DEAL", 1, 9], "traverser": 2, "payoffs": [-5.0, 10.0, -5.0]}}
{"trainingIteration": 1051, "message": "terminal_reached", "data": {"depth": 7, "action_history": [6, 1, 0, 1, 8, "DEAL", 4, 1, 1], "traverser": 2, "payoffs": [-17.5, 32.5, -15.0]}}
{"trainingIteration": 1051, "message": "terminal_reached", "data": {"depth": 4, "action_history": [5, 0, 8, 0], "traverser": 0, "payoffs": [-4.0, -0.5, 4.5]}}
{"trainingIteration": 1051, "message": "terminal_reached", "data": {"depth": 8, "action_history": [5, 0, 8, 1, "DEAL", 1, 1, 9], "traverser": 0, "payoffs": [12.5, -0.5, -12.0]}}
{"trainingIteration": 1051, "message": "terminal_reached", "data": {"depth": 8, "action_history": [5, 0, 8, 1, "DEAL", 1, 2, 9], "traverser": 0, "payoffs": [18.625, -0.5, -18.125]}}
{"trainingIteration": 1051, "message": "terminal_reached", "data": {"depth": 7, "action_history": [5, 0, 8, 1, "DEAL", 1, 9], "traverser": 0, "payoffs": [12.5, -0.5, -12.0]}}
{"trainingIteration": 1051, "message": "terminal_reached", "data": {"depth": 3, "action_history": [0, 7, 9], "traverser": 0, "payoffs": [0, 8.0, -8.0]}}
{"trainingIteration": 1051, "message": "terminal_reached", "data": {"depth": 3, "action_history": [1, 9, 0], "traverser": 0, "payoffs": [-1.0, 2.0, -1.0]}}
{"trainingIteration": 1051, "message": "terminal_reached", "data": {"depth": 5, "action_history": [2, 7, 4, 0, 1], "traverser": 0, "payoffs": [-1.625, 12.1875, -10.5625]}}
{"trainingIteration": 1051, "message": "terminal_reached", "data": {"depth": 5, "action_history": [2, 7, 4, 1, 0], "traverser": 0, "payoffs": [-10.5625, -5.375, 15.9375]}}
{"trainingIteration": 1051, "message": "terminal_reached", "data": {"depth": 5, "action_history": [2, 7, 4, 9, 9], "traverser": 0, "payoffs": [-20.0, 30.5625, -10.5625]}}
{"trainingIteration": 1051, "message": "terminal_reached", "data": {"depth": 4, "action_history": [4, 8, 1, 0], "traverser": 0, "payoffs": [-2.25, 12.25, -10.0]}}
{"trainingIteration": 1051, "message": "terminal_reached", "data": {"depth": 4, "action_history": [4, 8, 1, 1], "traverser": 0, "payoffs": [-10.0, 20.0, -10.0]}}
{"trainingIteration": 1051, "message": "terminal_reached", "data": {"depth": 4, "action_history": [4, 8, 1, 9], "traverser": 0, "payoffs": [-10.0, 20.0, -10.0]}}
{"trainingIteration": 1051, "message": "terminal_reached", "data": {"depth": 3, "action_history": [5, 9, 0], "traverser": 0, "payoffs": [-2.6499999999999986, 3.6499999999999986, -1.0]}}
{"trainingIteration": 1051, "message": "terminal_reached", "data": {"depth": 4, "action_history": [6, 7, 9, 0], "traverser": 0, "payoffs": [-2.875, 12.0, -9.125]}}
{"trainingIteration": 1051, "message": "terminal_reached", "data": {"depth": 4, "action_history": [7, 0, 8, 0], "traverser": 0, "payoffs": [-3.5, -0.5, 4.0]}}
{"trainingIteration": 1051, "message": "terminal_reached", "data": {"depth": 4, "action_history": [7, 0, 8, 1], "traverser": 0, "payoffs": [-13.75, -0.5, 14.25]}}
{"trainingIteration": 1051, "message": "terminal_reached", "data": {"depth": 4, "action_history": [7, 0, 8, 9], "traverser": 0, "payoffs": [-13.75, -0.5, 14.25]}}
{"trainingIteration": 1051, "message": "terminal_reached", "data": {"depth": 4, "action_history": [8, 6, 1, 0], "traverser": 0, "payoffs": [-4.75, 16.875, -12.125]}}
{"trainingIteration": 1051, "message": "terminal_reached", "data": {"depth": 4, "action_history": [8, 6, 1, 1], "traverser": 0, "payoffs": [-12.125, 24.25, -12.125]}}
{"trainingIteration": 1051, "message": "terminal_reached", "data": {"depth": 4, "action_history": [8, 6, 1, 9], "traverser": 0, "payoffs": [-12.125, 24.25, -12.125]}}
{"trainingIteration": 1051, "message": "terminal_reached", "data": {"depth": 10, "action_history": [7, 0, 1, "DEAL", 4, 1, 1, "DEAL", 1, 9], "traverser": 1, "payoffs": [16.75, -0.5, -16.25]}}
{"trainingIteration": 1051, "message": "terminal_reached", "data": {"depth": 6, "action_history": [7, 0, 1, 1, "DEAL", 9], "traverser": 1, "payoffs": [8.5, -0.5, -8.0]}}
{"trainingIteration": 1051, "message": "terminal_reached", "data": {"depth": 5, "action_history": [7, 0, 1, 1, 9], "traverser": 1, "payoffs": [8.5, -0.5, -8.0]}}
{"trainingIteration": 1051, "message": "terminal_reached", "data": {"depth": 4, "action_history": [5, 7, 9, 0], "traverser": 2, "payoffs": [-4.0, -8.0, 12.0]}}
{"trainingIteration": 10001, "message": "terminal_reached", "data": {"depth": 6, "action_history": [8, 0, 1, "DEAL", 2, 0], "traverser": 0, "payoffs": [-12.0, -0.5, 12.5]}}
{"trainingIteration": 10001, "message": "terminal_reached", "data": {"depth": 11, "action_history": [8, 0, 1, "DEAL", 2, 1, 1, "DEAL", 1, 1, 9], "traverser": 0, "payoffs": [18.625, -0.5, -18.125]}}
{"trainingIteration": 10001, "message": "terminal_reached", "data": {"depth": 10, "action_history": [8, 0, 1, "DEAL", 2, 1, 1, "DEAL", 1, 9], "traverser": 0, "payoffs": [18.625, -0.5, -18.125]}}
{"trainingIteration": 10001, "message": "terminal_reached", "data": {"depth": 7, "action_history": [8, 0, 1, "DEAL", 2, 1, 9], "traverser": 0, "payoffs": [18.625, -0.5, -18.125]}}
{"trainingIteration": 10001, "message": "terminal_reached", "data": {"depth": 7, "action_history": [4, 1, 0, "DEAL", 5, 4, 0], "traverser": 1, "payoffs": [8.620000000000001, -7.620000000000001, -1.0]}}
{"trainingIteration": 10001, "message": "terminal_reached", "data": {"depth": 10, "action_history": [4, 1, 0, "DEAL", 5, 4, 1, "DEAL", 1, 9], "traverser": 1, "payoffs": [-15.740000000000002, 16.740000000000002, -1.0]}}
{"trainingIteration": 10001, "message": "terminal_reached", "data": {"depth": 9, "action_history": [4, 1, 0, "DEAL", 5, 4, 1, "DEAL", 9], "traverser": 1, "payoffs": [-15.740000000000002, 16.740000000000002, -1.0]}}
{"trainingIteration": 10001, "message": "terminal_reached", "data": {"depth": 9, "action_history": [4, 1, 0, "DEAL", 5, 4, 1, 9, "DEAL"], "traverser": 1, "payoffs": [-15.740000000000002, 31.480000000000004, -20.0]}}
{"trainingIteration": 10001, "message": "terminal_reached", "data": {"depth": 8, "action_history": [4, 1, 0, "DEAL", 5, 4, 7, "DEAL"], "traverser": 1, "payoffs": [-15.379999999999999, 16.379999999999995, -1.0]}}
{"trainingIteration": 10001, "message": "terminal_reached", "data": {"depth": 9, "action_history": [4, 1, 0, "DEAL", 5, 4, 7, 9, "DEAL"], "traverser": 1, "payoffs": [15.379999999999995, 16.379999999999995, -20.0]}}
{"trainingIteration": 10001, "message": "terminal_reached", "data": {"depth": 3, "action_history": [6, 9, 0], "traverser": 2, "payoffs": [6.0, -5.0, -1.0]}}
